<?xml version="1.0" encoding="UTF-8"?>
<!-- Generated by org.testng.reporters.JUnitReportReporter -->
<testsuite hostname="DESKTOP-U1LMVQQ" failures="0" tests="1" name="testClass.GoogleTest" time="0.111" errors="0" timestamp="2024-02-06T15:21:17 IST" skipped="0">
  <testcase classname="testClass.GoogleTest" name="googlesearch" time="0.111"/>
</testsuite> <!-- testClass.GoogleTest -->
